The system is: Windows - 10.0.22621 - AMD64
Compiling the C compiler identification source file "CMakeCCompilerId.c" succeeded.
Compiler: C:/Program Files/LLVM/bin/clang-cl.exe 
Build flags: 
Id flags:  

The output was:
0


Compilation of the C compiler identification source "CMakeCCompilerId.c" produced "CMakeCCompilerId.exe"

The C compiler identification is Clang, found in "D:/MySnake/cmake-build-release/CMakeFiles/3.25.2/CompilerIdC/CMakeCCompilerId.exe"

Compiling the CXX compiler identification source file "CMakeCXXCompilerId.cpp" succeeded.
Compiler: C:/Program Files/LLVM/bin/clang-cl.exe 
Build flags: 
Id flags:  

The output was:
0


Compilation of the CXX compiler identification source "CMakeCXXCompilerId.cpp" produced "CMakeCXXCompilerId.exe"

The CXX compiler identification is Clang, found in "D:/MySnake/cmake-build-release/CMakeFiles/3.25.2/CompilerIdCXX/CMakeCXXCompilerId.exe"

Detecting C compiler ABI info compiled with the following output:
Change Dir: D:/MySnake/cmake-build-release/CMakeFiles/CMakeScratch/TryCompile-9byiqt

Run Build Command(s):D:/CLion 2023.1.4/bin/ninja/win/x64/ninja.exe cmTC_ad04b && [1/2] Building C object CMakeFiles\cmTC_ad04b.dir\CMakeCCompilerABI.c.obj
[2/2] Linking C executable cmTC_ad04b.exe



Detecting CXX compiler ABI info compiled with the following output:
Change Dir: D:/MySnake/cmake-build-release/CMakeFiles/CMakeScratch/TryCompile-echwc3

Run Build Command(s):D:/CLion 2023.1.4/bin/ninja/win/x64/ninja.exe cmTC_6fdcb && [1/2] Building CXX object CMakeFiles\cmTC_6fdcb.dir\CMakeCXXCompilerABI.cpp.obj
[2/2] Linking CXX executable cmTC_6fdcb.exe





Detecting CXX [-std:c++14] compiler features compiled with the following output:
Change Dir: D:/MySnake/cmake-build-release/CMakeFiles/CMakeScratch/TryCompile-madp9g

Run Build Command(s):D:/CLion 2023.1.4/bin/ninja/win/x64/ninja.exe cmTC_0a40c && [1/2] Building CXX object CMakeFiles\cmTC_0a40c.dir\feature_tests.cxx.obj
[2/2] Linking CXX executable cmTC_0a40c.exe



    Feature record: CXX_FEATURE:1cxx_template_template_parameters
    Feature record: CXX_FEATURE:1cxx_alias_templates
    Feature record: CXX_FEATURE:1cxx_alignas
    Feature record: CXX_FEATURE:1cxx_alignof
    Feature record: CXX_FEATURE:1cxx_attributes
    Feature record: CXX_FEATURE:1cxx_auto_type
    Feature record: CXX_FEATURE:1cxx_constexpr
    Feature record: CXX_FEATURE:1cxx_decltype
    Feature record: CXX_FEATURE:1cxx_default_function_template_args
    Feature record: CXX_FEATURE:1cxx_defaulted_functions
    Feature record: CXX_FEATURE:1cxx_defaulted_move_initializers
    Feature record: CXX_FEATURE:1cxx_delegating_constructors
    Feature record: CXX_FEATURE:1cxx_deleted_functions
    Feature record: CXX_FEATURE:1cxx_enum_forward_declarations
    Feature record: CXX_FEATURE:1cxx_explicit_conversions
    Feature record: CXX_FEATURE:1cxx_extended_friend_declarations
    Feature record: CXX_FEATURE:1cxx_extern_templates
    Feature record: CXX_FEATURE:1cxx_final
    Feature record: CXX_FEATURE:1cxx_func_identifier
    Feature record: CXX_FEATURE:1cxx_generalized_initializers
    Feature record: CXX_FEATURE:1cxx_inheriting_constructors
    Feature record: CXX_FEATURE:1cxx_inline_namespaces
    Feature record: CXX_FEATURE:1cxx_lambdas
    Feature record: CXX_FEATURE:1cxx_local_type_template_args
    Feature record: CXX_FEATURE:1cxx_long_long_type
    Feature record: CXX_FEATURE:1cxx_noexcept
    Feature record: CXX_FEATURE:1cxx_nonstatic_member_init
    Feature record: CXX_FEATURE:1cxx_nullptr
    Feature record: CXX_FEATURE:1cxx_override
    Feature record: CXX_FEATURE:1cxx_range_for
    Feature record: CXX_FEATURE:1cxx_raw_string_literals
    Feature record: CXX_FEATURE:1cxx_reference_qualified_functions
    Feature record: CXX_FEATURE:1cxx_right_angle_brackets
    Feature record: CXX_FEATURE:1cxx_rvalue_references
    Feature record: CXX_FEATURE:1cxx_sizeof_member
    Feature record: CXX_FEATURE:1cxx_static_assert
    Feature record: CXX_FEATURE:1cxx_strong_enums
    Feature record: CXX_FEATURE:1cxx_thread_local
    Feature record: CXX_FEATURE:1cxx_trailing_return_types
    Feature record: CXX_FEATURE:1cxx_unicode_literals
    Feature record: CXX_FEATURE:1cxx_uniform_initialization
    Feature record: CXX_FEATURE:1cxx_unrestricted_unions
    Feature record: CXX_FEATURE:1cxx_user_literals
    Feature record: CXX_FEATURE:1cxx_variadic_macros
    Feature record: CXX_FEATURE:1cxx_variadic_templates
    Feature record: CXX_FEATURE:1cxx_aggregate_default_initializers
    Feature record: CXX_FEATURE:1cxx_attribute_deprecated
    Feature record: CXX_FEATURE:1cxx_binary_literals
    Feature record: CXX_FEATURE:1cxx_contextual_conversions
    Feature record: CXX_FEATURE:1cxx_decltype_auto
    Feature record: CXX_FEATURE:1cxx_digit_separators
    Feature record: CXX_FEATURE:1cxx_generic_lambdas
    Feature record: CXX_FEATURE:1cxx_lambda_init_captures
    Feature record: CXX_FEATURE:1cxx_relaxed_constexpr
    Feature record: CXX_FEATURE:1cxx_return_type_deduction
    Feature record: CXX_FEATURE:1cxx_variable_templates


Detecting CXX [] compiler features compiled with the following output:
Change Dir: D:/MySnake/cmake-build-release/CMakeFiles/CMakeScratch/TryCompile-lk5isv

Run Build Command(s):D:/CLion 2023.1.4/bin/ninja/win/x64/ninja.exe cmTC_1cf5f && [1/2] Building CXX object CMakeFiles\cmTC_1cf5f.dir\feature_tests.cxx.obj
[2/2] Linking CXX executable cmTC_1cf5f.exe



    Feature record: CXX_FEATURE:1cxx_template_template_parameters
    Feature record: CXX_FEATURE:1cxx_alias_templates
    Feature record: CXX_FEATURE:1cxx_alignas
    Feature record: CXX_FEATURE:1cxx_alignof
    Feature record: CXX_FEATURE:1cxx_attributes
    Feature record: CXX_FEATURE:1cxx_auto_type
    Feature record: CXX_FEATURE:1cxx_constexpr
    Feature record: CXX_FEATURE:1cxx_decltype
    Feature record: CXX_FEATURE:1cxx_default_function_template_args
    Feature record: CXX_FEATURE:1cxx_defaulted_functions
    Feature record: CXX_FEATURE:1cxx_defaulted_move_initializers
    Feature record: CXX_FEATURE:1cxx_delegating_constructors
    Feature record: CXX_FEATURE:1cxx_deleted_functions
    Feature record: CXX_FEATURE:1cxx_enum_forward_declarations
    Feature record: CXX_FEATURE:1cxx_explicit_conversions
    Feature record: CXX_FEATURE:1cxx_extended_friend_declarations
    Feature record: CXX_FEATURE:1cxx_extern_templates
    Feature record: CXX_FEATURE:1cxx_final
    Feature record: CXX_FEATURE:1cxx_func_identifier
    Feature record: CXX_FEATURE:1cxx_generalized_initializers
    Feature record: CXX_FEATURE:1cxx_inheriting_constructors
    Feature record: CXX_FEATURE:1cxx_inline_namespaces
    Feature record: CXX_FEATURE:1cxx_lambdas
    Feature record: CXX_FEATURE:1cxx_local_type_template_args
    Feature record: CXX_FEATURE:1cxx_long_long_type
    Feature record: CXX_FEATURE:1cxx_noexcept
    Feature record: CXX_FEATURE:1cxx_nonstatic_member_init
    Feature record: CXX_FEATURE:1cxx_nullptr
    Feature record: CXX_FEATURE:1cxx_override
    Feature record: CXX_FEATURE:1cxx_range_for
    Feature record: CXX_FEATURE:1cxx_raw_string_literals
    Feature record: CXX_FEATURE:1cxx_reference_qualified_functions
    Feature record: CXX_FEATURE:1cxx_right_angle_brackets
    Feature record: CXX_FEATURE:1cxx_rvalue_references
    Feature record: CXX_FEATURE:1cxx_sizeof_member
    Feature record: CXX_FEATURE:1cxx_static_assert
    Feature record: CXX_FEATURE:1cxx_strong_enums
    Feature record: CXX_FEATURE:1cxx_thread_local
    Feature record: CXX_FEATURE:1cxx_trailing_return_types
    Feature record: CXX_FEATURE:1cxx_unicode_literals
    Feature record: CXX_FEATURE:1cxx_uniform_initialization
    Feature record: CXX_FEATURE:1cxx_unrestricted_unions
    Feature record: CXX_FEATURE:1cxx_user_literals
    Feature record: CXX_FEATURE:1cxx_variadic_macros
    Feature record: CXX_FEATURE:1cxx_variadic_templates
    Feature record: CXX_FEATURE:1cxx_aggregate_default_initializers
    Feature record: CXX_FEATURE:1cxx_attribute_deprecated
    Feature record: CXX_FEATURE:1cxx_binary_literals
    Feature record: CXX_FEATURE:1cxx_contextual_conversions
    Feature record: CXX_FEATURE:1cxx_decltype_auto
    Feature record: CXX_FEATURE:1cxx_digit_separators
    Feature record: CXX_FEATURE:1cxx_generic_lambdas
    Feature record: CXX_FEATURE:1cxx_lambda_init_captures
    Feature record: CXX_FEATURE:1cxx_relaxed_constexpr
    Feature record: CXX_FEATURE:1cxx_return_type_deduction
    Feature record: CXX_FEATURE:1cxx_variable_templates
Determining if the include file sys/types.h exists passed with the following output:
Change Dir: D:/MySnake/cmake-build-release/CMakeFiles/CMakeScratch/TryCompile-xuc3hz

Run Build Command(s):D:/CLion 2023.1.4/bin/ninja/win/x64/ninja.exe cmTC_284d8 && [1/2] Building C object CMakeFiles\cmTC_284d8.dir\CheckIncludeFile.c.obj
[2/2] Linking C executable cmTC_284d8.exe



Determining if the include file stdint.h exists passed with the following output:
Change Dir: D:/MySnake/cmake-build-release/CMakeFiles/CMakeScratch/TryCompile-u1s2iz

Run Build Command(s):D:/CLion 2023.1.4/bin/ninja/win/x64/ninja.exe cmTC_6efd4 && [1/2] Building C object CMakeFiles\cmTC_6efd4.dir\CheckIncludeFile.c.obj
[2/2] Linking C executable cmTC_6efd4.exe



Determining if the include file stddef.h exists passed with the following output:
Change Dir: D:/MySnake/cmake-build-release/CMakeFiles/CMakeScratch/TryCompile-25vq1r

Run Build Command(s):D:/CLion 2023.1.4/bin/ninja/win/x64/ninja.exe cmTC_0017b && [1/2] Building C object CMakeFiles\cmTC_0017b.dir\CheckIncludeFile.c.obj
[2/2] Linking C executable cmTC_0017b.exe



Determining size of void* passed with the following output:
Change Dir: D:/MySnake/cmake-build-release/CMakeFiles/CMakeScratch/TryCompile-tf5spf

Run Build Command(s):D:/CLion 2023.1.4/bin/ninja/win/x64/ninja.exe cmTC_da1a4 && [1/2] Building C object CMakeFiles\cmTC_da1a4.dir\SIZEOF_VOID_PTR.c.obj
[2/2] Linking C executable cmTC_da1a4.exe



